<?xml version="1.0" encoding="UTF-8"?>
<!-- Generated by org.testng.reporters.JUnitReportReporter -->
<testsuite hostname="nishant191" failures="0" tests="2" name="pushNotificationAppium.PushNotificationPageTest" time="7.989" errors="0" timestamp="2022-12-15T15:33:28 IST" skipped="0">
  <testcase classname="pushNotificationAppium.PushNotificationPageTest" name="pushNotificationPerform" time="5.447"/>
  <system-out/>
  <testcase classname="pushNotificationAppium.PushNotificationPageTest" name="clearNotificationPerform" time="2.542"/>
  <system-out/>
</testsuite> <!-- pushNotificationAppium.PushNotificationPageTest -->
